Determining if the pthread_create exist failed with the following output:
Change Dir: /home/amore/RobotX2022/build/CMakeFiles/CMakeTmp

Run Build Command:"/usr/bin/make" "cmTC_38f73/fast"
/usr/bin/make -f CMakeFiles/cmTC_38f73.dir/build.make CMakeFiles/cmTC_38f73.dir/build
make[1]: Entering directory '/home/amore/RobotX2022/build/CMakeFiles/CMakeTmp'
Building C object CMakeFiles/cmTC_38f73.dir/CheckSymbolExists.c.o
/usr/bin/cc    -o CMakeFiles/cmTC_38f73.dir/CheckSymbolExists.c.o   -c /home/amore/RobotX2022/build/CMakeFiles/CMakeTmp/CheckSymbolExists.c
Linking C executable cmTC_38f73
/usr/bin/cmake -E cmake_link_script CMakeFiles/cmTC_38f73.dir/link.txt --verbose=1
/usr/bin/cc      -rdynamic CMakeFiles/cmTC_38f73.dir/CheckSymbolExists.c.o  -o cmTC_38f73 
CMakeFiles/cmTC_38f73.dir/CheckSymbolExists.c.o: In function `main':
CheckSymbolExists.c:(.text+0x14): undefined reference to `pthread_create'
CheckSymbolExists.c:(.text+0x18): undefined reference to `pthread_create'
collect2: error: ld returned 1 exit status
CMakeFiles/cmTC_38f73.dir/build.make:97: recipe for target 'cmTC_38f73' failed
make[1]: *** [cmTC_38f73] Error 1
make[1]: Leaving directory '/home/amore/RobotX2022/build/CMakeFiles/CMakeTmp'
Makefile:126: recipe for target 'cmTC_38f73/fast' failed
make: *** [cmTC_38f73/fast] Error 2

File /home/amore/RobotX2022/build/CMakeFiles/CMakeTmp/CheckSymbolExists.c:
/* */
#include <pthread.h>

int main(int argc, char** argv)
{
  (void)argv;
#ifndef pthread_create
  return ((int*)(&pthread_create))[argc];
#else
  (void)argc;
  return 0;
#endif
}

Determining if the function pthread_create exists in the pthreads failed with the following output:
Change Dir: /home/amore/RobotX2022/build/CMakeFiles/CMakeTmp

Run Build Command:"/usr/bin/make" "cmTC_d4053/fast"
/usr/bin/make -f CMakeFiles/cmTC_d4053.dir/build.make CMakeFiles/cmTC_d4053.dir/build
make[1]: Entering directory '/home/amore/RobotX2022/build/CMakeFiles/CMakeTmp'
Building C object CMakeFiles/cmTC_d4053.dir/CheckFunctionExists.c.o
/usr/bin/cc   -DCHECK_FUNCTION_EXISTS=pthread_create   -o CMakeFiles/cmTC_d4053.dir/CheckFunctionExists.c.o   -c /usr/share/cmake-3.10/Modules/CheckFunctionExists.c
Linking C executable cmTC_d4053
/usr/bin/cmake -E cmake_link_script CMakeFiles/cmTC_d4053.dir/link.txt --verbose=1
/usr/bin/cc  -DCHECK_FUNCTION_EXISTS=pthread_create    -rdynamic CMakeFiles/cmTC_d4053.dir/CheckFunctionExists.c.o  -o cmTC_d4053 -lpthreads 
/usr/bin/ld: cannot find -lpthreads
collect2: error: ld returned 1 exit status
CMakeFiles/cmTC_d4053.dir/build.make:97: recipe for target 'cmTC_d4053' failed
make[1]: *** [cmTC_d4053] Error 1
make[1]: Leaving directory '/home/amore/RobotX2022/build/CMakeFiles/CMakeTmp'
Makefile:126: recipe for target 'cmTC_d4053/fast' failed
make: *** [cmTC_d4053/fast] Error 2


